widgets/selphi_face_plugin_v2/android/build/intermediates/manifest_merge_blame_file/profile/manifest-merger-blame-profile-report.txt
1<?xml version="1.0" encoding="utf-8"?>
2<manifest xmlns:android="http://schemas.android.com/apk/res/android"
3    package="com.selphi.flutter.plugin.selphi_face_plugin" >
4
5    <uses-sdk android:minSdkVersion="16" />
5-->src/main/AndroidManifest.xml
6
7</manifest>